2018-11-16 14:32:36,038 [INFO] from application in play-dev-mode-akka.actor.default-dispatcher-5 - ApplicationTimer demo: Starting application at 2018-11-16T14:32:36.038Z
2018-11-16 14:32:36,330 [INFO] from play.api.http.EnabledFilters in play-dev-mode-akka.actor.default-dispatcher-5 - Enabled Filters (see <https://www.playframework.com/documentation/latest/Filters>):

    play.filters.csrf.CSRFFilter
    play.filters.headers.SecurityHeadersFilter
    play.filters.hosts.AllowedHostsFilter
    filters.ExampleFilter

2018-11-16 14:32:36,550 [INFO] from play.api.Play in play-dev-mode-akka.actor.default-dispatcher-5 - Application started (Dev)
2018-11-16 14:35:10,807 [INFO] from application in application-akka.actor.default-dispatcher-10 - ApplicationTimer demo: Stopping application at 2018-11-16T14:35:10.807Z after 154s.
2018-11-16 14:35:10,974 [INFO] from application in play-dev-mode-akka.actor.default-dispatcher-4 - ApplicationTimer demo: Starting application at 2018-11-16T14:35:10.974Z
2018-11-16 14:35:11,077 [INFO] from play.api.http.EnabledFilters in play-dev-mode-akka.actor.default-dispatcher-4 - Enabled Filters (see <https://www.playframework.com/documentation/latest/Filters>):

    play.filters.csrf.CSRFFilter
    play.filters.headers.SecurityHeadersFilter
    play.filters.hosts.AllowedHostsFilter
    filters.ExampleFilter

2018-11-16 14:35:11,085 [INFO] from play.api.Play in play-dev-mode-akka.actor.default-dispatcher-4 - Application started (Dev)
2018-11-16 14:36:25,512 [INFO] from application in application-akka.actor.default-dispatcher-2 - ApplicationTimer demo: Stopping application at 2018-11-16T14:36:25.512Z after 75s.
2018-11-16 14:36:25,654 [INFO] from application in play-dev-mode-akka.actor.default-dispatcher-16 - ApplicationTimer demo: Starting application at 2018-11-16T14:36:25.653Z
2018-11-16 14:36:25,707 [INFO] from play.api.http.EnabledFilters in play-dev-mode-akka.actor.default-dispatcher-16 - Enabled Filters (see <https://www.playframework.com/documentation/latest/Filters>):

    play.filters.csrf.CSRFFilter
    play.filters.headers.SecurityHeadersFilter
    play.filters.hosts.AllowedHostsFilter
    filters.ExampleFilter

2018-11-16 14:36:25,715 [INFO] from play.api.Play in play-dev-mode-akka.actor.default-dispatcher-16 - Application started (Dev)
2018-11-16 14:40:38,846 [INFO] from application in application-akka.actor.default-dispatcher-10 - ApplicationTimer demo: Stopping application at 2018-11-16T14:40:38.846Z after 253s.
2018-11-16 14:40:39,052 [INFO] from application in play-dev-mode-akka.actor.default-dispatcher-20 - ApplicationTimer demo: Starting application at 2018-11-16T14:40:39.052Z
2018-11-16 14:40:39,146 [INFO] from play.api.http.EnabledFilters in play-dev-mode-akka.actor.default-dispatcher-20 - Enabled Filters (see <https://www.playframework.com/documentation/latest/Filters>):

    play.filters.csrf.CSRFFilter
    play.filters.headers.SecurityHeadersFilter
    play.filters.hosts.AllowedHostsFilter
    filters.ExampleFilter

2018-11-16 14:40:39,156 [INFO] from play.api.Play in play-dev-mode-akka.actor.default-dispatcher-20 - Application started (Dev)
2018-11-16 15:11:08,461 [INFO] from play.core.server.AkkaHttpServer in pool-6-thread-3 - Stopping server...
2018-11-16 15:11:08,472 [INFO] from application in application-akka.actor.default-dispatcher-13 - ApplicationTimer demo: Stopping application at 2018-11-16T15:11:08.472Z after 1829s.
